<?xml version="1.0" encoding="UTF-8"?>
<!-- Generated by org.testng.reporters.JUnitReportReporter -->
<testsuite hostname="DESKTOP-BI2JSEP" failures="0" tests="1" name="com.salesforce.testcases.TC001_VerifyLogin" time="13.851" errors="0" timestamp="2021-11-20T10:49:01 IST" skipped="0">
  <testcase classname="com.salesforce.testcases.TC001_VerifyLogin" name="runLogin" time="13.851"/>
  <system-out/>
</testsuite> <!-- com.salesforce.testcases.TC001_VerifyLogin -->
