<?xml version="1.0" encoding="UTF-8"?>
<!-- Generated by org.testng.reporters.JUnitReportReporter -->
<testsuite hostname="DESKTOP-BI2JSEP" failures="0" tests="1" name="com.salesforce.testcases.S0130_EditAccount" time="111.637" errors="0" timestamp="2021-12-05T15:09:31 IST" skipped="0">
  <testcase classname="com.salesforce.testcases.S0130_EditAccount" name="editAccount" time="111.637"/>
  <system-out/>
</testsuite> <!-- com.salesforce.testcases.S0130_EditAccount -->
