<?xml version="1.0" encoding="UTF-8"?>
<!-- Generated by org.testng.reporters.JUnitReportReporter -->
<testsuite hostname="DESKTOP-BI2JSEP" failures="0" tests="1" name="com.salesforce.testcases.S0129_CreateNewAccount" time="66.504" errors="0" timestamp="2021-12-12T17:19:11 IST" skipped="0">
  <testcase classname="com.salesforce.testcases.S0129_CreateNewAccount" name="createAccount" time="66.504"/>
  <system-out/>
</testsuite> <!-- com.salesforce.testcases.S0129_CreateNewAccount -->
