<?xml version="1.0" encoding="UTF-8"?>
<!-- Generated by org.testng.reporters.JUnitReportReporter -->
<testsuite hostname="DESKTOP-BI2JSEP" failures="0" tests="1" name="com.salesforce.testcases.S0176_CreateServiceTerritory" time="32.439" errors="0" timestamp="2021-11-28T11:02:56 IST" skipped="0">
  <testcase classname="com.salesforce.testcases.S0176_CreateServiceTerritory" name="createServiceTerritory" time="32.439"/>
  <system-out/>
</testsuite> <!-- com.salesforce.testcases.S0176_CreateServiceTerritory -->
