<?xml version="1.0" encoding="UTF-8"?>
<!-- Generated by org.testng.reporters.JUnitReportReporter -->
<testsuite hostname="DESKTOP-BI2JSEP" failures="0" tests="2" name="com.salesforce.testcases.S01111_SalesForceClassicNewAccount" time="89.553" errors="0" timestamp="2021-11-29T23:57:16 IST" skipped="1">
  <testcase classname="com.salesforce.testcases.S01111_SalesForceClassicNewAccount" name="createSalesForceClassicNewAccount" time="27.137">
    <skipped/>
  </testcase> <!-- createSalesForceClassicNewAccount -->
  <system-out/>
  <testcase classname="com.salesforce.testcases.S01111_SalesForceClassicNewAccount" name="createSalesForceClassicNewAccount" time="62.416"/>
  <system-out/>
</testsuite> <!-- com.salesforce.testcases.S01111_SalesForceClassicNewAccount -->
