<?xml version="1.0" encoding="UTF-8"?>
<!-- Generated by org.testng.reporters.JUnitReportReporter -->
<testsuite hostname="DESKTOP-BI2JSEP" failures="0" tests="1" name="com.salesforce.testcases.SalesForceAssessment" time="80.616" errors="0" timestamp="2021-12-11T17:49:23 IST" skipped="0">
  <testcase classname="com.salesforce.testcases.SalesForceAssessment" name="createAccount" time="80.616"/>
  <system-out/>
</testsuite> <!-- com.salesforce.testcases.SalesForceAssessment -->
