<?xml version="1.0" encoding="UTF-8"?>
<!-- Generated by org.testng.reporters.JUnitReportReporter -->
<testsuite hostname="DESKTOP-BI2JSEP" failures="0" tests="1" name="com.salesforce.testcases.S0182_DeleteContact" time="23.996" errors="0" timestamp="2021-11-27T18:17:32 IST" skipped="0">
  <testcase classname="com.salesforce.testcases.S0182_DeleteContact" name="editContact" time="23.996"/>
  <system-out/>
</testsuite> <!-- com.salesforce.testcases.S0182_DeleteContact -->
