<?xml version="1.0" encoding="UTF-8"?>
<!-- Generated by org.testng.reporters.JUnitReportReporter -->
<testsuite hostname="DESKTOP-BI2JSEP" failures="0" tests="2" name="com.salesforce.testcases.S0129_CreateNewAccount" time="133.998" errors="0" timestamp="2021-12-05T16:57:10 IST" skipped="0">
  <testcase classname="com.salesforce.testcases.S0129_CreateNewAccount" name="createAccount" time="64.421"/>
  <system-out/>
  <testcase classname="com.salesforce.testcases.S0129_CreateNewAccount" name="createAccount" time="69.577"/>
  <system-out/>
</testsuite> <!-- com.salesforce.testcases.S0129_CreateNewAccount -->
