<?xml version="1.0" encoding="UTF-8"?>
<!-- Generated by org.testng.reporters.JUnitReportReporter -->
<testsuite hostname="DESKTOP-BI2JSEP" failures="0" tests="1" name="com.salesforce.testcases.SalesForceAssessment" time="56.899" errors="0" timestamp="2021-12-11T18:07:30 IST" skipped="0">
  <testcase classname="com.salesforce.testcases.SalesForceAssessment" name="createAccount" time="56.899"/>
  <system-out/>
</testsuite> <!-- com.salesforce.testcases.SalesForceAssessment -->
