<?xml version="1.0" encoding="UTF-8"?>
<!-- Generated by org.testng.reporters.JUnitReportReporter -->
<testsuite hostname="DESKTOP-BI2JSEP" failures="0" tests="1" name="com.salesforce.testcases.S0180_CreateContact" time="42.880" errors="0" timestamp="2021-11-28T10:01:13 IST" skipped="0">
  <testcase classname="com.salesforce.testcases.S0180_CreateContact" name="createContact" time="42.880"/>
  <system-out/>
</testsuite> <!-- com.salesforce.testcases.S0180_CreateContact -->
